Determining if the pthread_create exist failed with the following output:
Change Dir: /home/kid/ROS_servo/build/CMakeFiles/CMakeTmp

Run Build Command:"/usr/bin/make" "cmTC_12293/fast"
/usr/bin/make -f CMakeFiles/cmTC_12293.dir/build.make CMakeFiles/cmTC_12293.dir/build
make[1]: Entering directory '/home/kid/ROS_servo/build/CMakeFiles/CMakeTmp'
Building C object CMakeFiles/cmTC_12293.dir/CheckSymbolExists.c.o
/usr/bin/cc     -o CMakeFiles/cmTC_12293.dir/CheckSymbolExists.c.o   -c /home/kid/ROS_servo/build/CMakeFiles/CMakeTmp/CheckSymbolExists.c
Linking C executable cmTC_12293
/usr/bin/cmake -E cmake_link_script CMakeFiles/cmTC_12293.dir/link.txt --verbose=1
/usr/bin/cc       CMakeFiles/cmTC_12293.dir/CheckSymbolExists.c.o  -o cmTC_12293 -rdynamic 
CMakeFiles/cmTC_12293.dir/CheckSymbolExists.c.o: In function `main':
CheckSymbolExists.c:(.text+0xe): undefined reference to `pthread_create'
CheckSymbolExists.c:(.text+0x12): undefined reference to `pthread_create'
collect2: error: ld returned 1 exit status
CMakeFiles/cmTC_12293.dir/build.make:97: recipe for target 'cmTC_12293' failed
make[1]: *** [cmTC_12293] Error 1
make[1]: Leaving directory '/home/kid/ROS_servo/build/CMakeFiles/CMakeTmp'
Makefile:126: recipe for target 'cmTC_12293/fast' failed
make: *** [cmTC_12293/fast] Error 2

File /home/kid/ROS_servo/build/CMakeFiles/CMakeTmp/CheckSymbolExists.c:
/* */
#include <pthread.h>

int main(int argc, char** argv)
{
  (void)argv;
#ifndef pthread_create
  return ((int*)(&pthread_create))[argc];
#else
  (void)argc;
  return 0;
#endif
}

Determining if the function pthread_create exists in the pthreads failed with the following output:
Change Dir: /home/kid/ROS_servo/build/CMakeFiles/CMakeTmp

Run Build Command:"/usr/bin/make" "cmTC_54c9c/fast"
/usr/bin/make -f CMakeFiles/cmTC_54c9c.dir/build.make CMakeFiles/cmTC_54c9c.dir/build
make[1]: Entering directory '/home/kid/ROS_servo/build/CMakeFiles/CMakeTmp'
Building C object CMakeFiles/cmTC_54c9c.dir/CheckFunctionExists.c.o
/usr/bin/cc    -DCHECK_FUNCTION_EXISTS=pthread_create   -o CMakeFiles/cmTC_54c9c.dir/CheckFunctionExists.c.o   -c /usr/share/cmake-3.5/Modules/CheckFunctionExists.c
Linking C executable cmTC_54c9c
/usr/bin/cmake -E cmake_link_script CMakeFiles/cmTC_54c9c.dir/link.txt --verbose=1
/usr/bin/cc   -DCHECK_FUNCTION_EXISTS=pthread_create    CMakeFiles/cmTC_54c9c.dir/CheckFunctionExists.c.o  -o cmTC_54c9c -rdynamic -lpthreads 
/usr/bin/ld: cannot find -lpthreads
collect2: error: ld returned 1 exit status
CMakeFiles/cmTC_54c9c.dir/build.make:97: recipe for target 'cmTC_54c9c' failed
make[1]: *** [cmTC_54c9c] Error 1
make[1]: Leaving directory '/home/kid/ROS_servo/build/CMakeFiles/CMakeTmp'
Makefile:126: recipe for target 'cmTC_54c9c/fast' failed
make: *** [cmTC_54c9c/fast] Error 2


